<?xml version="1.0" encoding="UTF-8"?>
<testng-results ignored="0" total="1" passed="1" failed="0" skipped="0">
  <reporter-output>
  </reporter-output>
  <suite started-at="2025-09-19T12:44:30 IST" name="Default suite" finished-at="2025-09-19T12:45:09 IST" duration-ms="39395">
    <groups>
    </groups>
    <test started-at="2025-09-19T12:44:30 IST" name="Default test" finished-at="2025-09-19T12:45:09 IST" duration-ms="39395">
      <class name="com.test.automation.tests.EmployeeTest">
        <test-method is-config="true" signature="setUp()[pri:0, instance:com.test.automation.tests.EmployeeTest@2e385cce]" started-at="2025-09-19T12:44:30 IST" name="setUp" finished-at="2025-09-19T12:44:50 IST" duration-ms="20104" status="PASS">
          <reporter-output>
          </reporter-output>
        </test-method> <!-- setUp -->
        <test-method signature="addEmployeeTest()[pri:0, instance:com.test.automation.tests.EmployeeTest@2e385cce]" started-at="2025-09-19T12:44:50 IST" name="addEmployeeTest" finished-at="2025-09-19T12:45:07 IST" duration-ms="17482" status="PASS">
          <reporter-output>
          </reporter-output>
        </test-method> <!-- addEmployeeTest -->
        <test-method is-config="true" signature="tearDown()[pri:0, instance:com.test.automation.tests.EmployeeTest@2e385cce]" started-at="2025-09-19T12:45:07 IST" name="tearDown" finished-at="2025-09-19T12:45:09 IST" duration-ms="1632" status="PASS">
          <reporter-output>
          </reporter-output>
        </test-method> <!-- tearDown -->
      </class> <!-- com.test.automation.tests.EmployeeTest -->
    </test> <!-- Default test -->
  </suite> <!-- Default suite -->
</testng-results>
